app/build/outputs/logs/manifest-merger-debug-report.txt
-- Merging decision tree log ---
manifest
ADDED from src\main\AndroidManifest.xml:2:1-26:12
	package
		ADDED from src\main\AndroidManifest.xml:3:7-33
		INJECTED from src\main\AndroidManifest.xml
		INJECTED from src\main\AndroidManifest.xml
	android:versionName
		ADDED from src\main\AndroidManifest.xml:5:7-32
		INJECTED from src\main\AndroidManifest.xml
		INJECTED from src\main\AndroidManifest.xml
	android:versionCode
		ADDED from src\main\AndroidManifest.xml:4:7-30
		INJECTED from src\main\AndroidManifest.xml
		INJECTED from src\main\AndroidManifest.xml
	xmlns:android
		ADDED from src\main\AndroidManifest.xml:2:11-69
uses-sdk
ADDED from src\main\AndroidManifest.xml:6:5-43
	android:targetSdkVersion
		INJECTED from src\main\AndroidManifest.xml
		INJECTED from src\main\AndroidManifest.xml
	android:minSdkVersion
		ADDED from src\main\AndroidManifest.xml:6:15-40
		INJECTED from src\main\AndroidManifest.xml
		INJECTED from src\main\AndroidManifest.xml
uses-permission#android.permission.INTERNET
ADDED from src\main\AndroidManifest.xml:7:5-67
	android:name
		ADDED from src\main\AndroidManifest.xml:7:22-64
uses-permission#android.permission.WRITE_EXTERNAL_STORAGE
ADDED from src\main\AndroidManifest.xml:8:5-81
	android:name
		ADDED from src\main\AndroidManifest.xml:8:22-78
uses-permission#android.permission.MOUNT_UNMOUNT_FILESYSTEMS
ADDED from src\main\AndroidManifest.xml:9:5-83
	android:name
		ADDED from src\main\AndroidManifest.xml:9:22-81
application
ADDED from src\main\AndroidManifest.xml:11:5-25:19
	android:label
		ADDED from src\main\AndroidManifest.xml:11:48-80
	android:icon
		ADDED from src\main\AndroidManifest.xml:11:18-47
	android:theme
		ADDED from src\main\AndroidManifest.xml:12:5-52
activity#sleek.SocketChat.FriendsListActivity
ADDED from src\main\AndroidManifest.xml:14:9-20:20
	android:label
		ADDED from src\main\AndroidManifest.xml:15:19-51
	android:name
		ADDED from src\main\AndroidManifest.xml:14:19-54
intent-filter#android.intent.action.MAIN+android.intent.category.LAUNCHER
ADDED from src\main\AndroidManifest.xml:16:13-19:29
action#android.intent.action.MAIN
ADDED from src\main\AndroidManifest.xml:17:17-69
	android:name
		ADDED from src\main\AndroidManifest.xml:17:25-66
category#android.intent.category.LAUNCHER
ADDED from src\main\AndroidManifest.xml:18:17-77
	android:name
		ADDED from src\main\AndroidManifest.xml:18:27-74
activity#sleek.SocketChat.IniActivity
ADDED from src\main\AndroidManifest.xml:21:3-85
	android:label
		ADDED from src\main\AndroidManifest.xml:21:41-73
	android:name
		ADDED from src\main\AndroidManifest.xml:21:13-40
activity#sleek.SocketChat.IniuserActivity
ADDED from src\main\AndroidManifest.xml:22:3-89
	android:label
		ADDED from src\main\AndroidManifest.xml:22:45-77
	android:name
		ADDED from src\main\AndroidManifest.xml:22:13-44
activity#sleek.SocketChat.FriendChatActivity
ADDED from src\main\AndroidManifest.xml:23:3-92
	android:label
		ADDED from src\main\AndroidManifest.xml:23:48-80
	android:name
		ADDED from src\main\AndroidManifest.xml:23:13-47
provider#sleek.Provider.DataChangeProvider
ADDED from src\main\AndroidManifest.xml:24:3-101
	android:authorities
		ADDED from src\main\AndroidManifest.xml:24:62-98
	android:name
		ADDED from src\main\AndroidManifest.xml:24:13-61